[2019-07-25 15:38:08.084] [exthost] [info] extension host started
[2019-07-25 15:38:08.199] [exthost] [info] extension host started
[2019-07-25 15:38:08.212] [exthost] [info] ExtensionService#_doActivateExtension vscode.debug-auto-launch {"startup":true,"activationEvent":"*"}
[2019-07-25 15:38:08.212] [exthost] [info] ExtensionService#loadCommonJSModule c:\Users\multicampus\.codemix\engine\resources\app\extensions\debug-auto-launch\dist\extension
[2019-07-25 15:38:08.221] [exthost] [info] ExtensionService#_doActivateExtension vscode.emmet {"startup":true,"activationEvent":"*"}
[2019-07-25 15:38:08.221] [exthost] [info] ExtensionService#loadCommonJSModule c:\Users\multicampus\.codemix\engine\resources\app\extensions\emmet\dist\extension
[2019-07-25 15:38:08.266] [exthost] [info] ExtensionService#_doActivateExtension christian-kohler.path-intellisense {"startup":true,"activationEvent":"*"}
[2019-07-25 15:38:08.266] [exthost] [info] ExtensionService#loadCommonJSModule C:\Users\multicampus\.codemix\extensions\christian-kohler.path-intellisense-1.4.2\out\src\extension
[2019-07-25 15:38:08.303] [exthost] [info] ExtensionService#_doActivateExtension dbaeumer.vscode-eslint {"startup":true,"activationEvent":"*"}
[2019-07-25 15:38:08.303] [exthost] [info] ExtensionService#loadCommonJSModule C:\Users\multicampus\.codemix\extensions\dbaeumer.vscode-eslint-1.9.0\client\out\extension
[2019-07-25 15:38:08.380] [exthost] [info] ExtensionService#_doActivateExtension formulahendry.auto-close-tag {"startup":true,"activationEvent":"*"}
[2019-07-25 15:38:08.380] [exthost] [info] ExtensionService#loadCommonJSModule C:\Users\multicampus\.codemix\extensions\formulahendry.auto-close-tag-0.5.6\out\src\extension
[2019-07-25 15:38:08.384] [exthost] [info] ExtensionService#_doActivateExtension formulahendry.auto-rename-tag {"startup":true,"activationEvent":"*"}
[2019-07-25 15:38:08.384] [exthost] [info] ExtensionService#loadCommonJSModule C:\Users\multicampus\.codemix\extensions\formulahendry.auto-rename-tag-0.0.15\out\src\extension
[2019-07-25 15:38:08.391] [exthost] [info] ExtensionService#_doActivateExtension vscode.grunt {"startup":false,"activationEvent":"onCommand:workbench.action.tasks.runTask"}
[2019-07-25 15:38:08.391] [exthost] [info] ExtensionService#loadCommonJSModule c:\Users\multicampus\.codemix\engine\resources\app\extensions\grunt\dist\main
[2019-07-25 15:38:08.401] [exthost] [info] ExtensionService#_doActivateExtension vscode.gulp {"startup":false,"activationEvent":"onCommand:workbench.action.tasks.runTask"}
[2019-07-25 15:38:08.401] [exthost] [info] ExtensionService#loadCommonJSModule c:\Users\multicampus\.codemix\engine\resources\app\extensions\gulp\dist\main
[2019-07-25 15:38:08.410] [exthost] [info] ExtensionService#_doActivateExtension vscode.jake {"startup":false,"activationEvent":"onCommand:workbench.action.tasks.runTask"}
[2019-07-25 15:38:08.410] [exthost] [info] ExtensionService#loadCommonJSModule c:\Users\multicampus\.codemix\engine\resources\app\extensions\jake\dist\main
[2019-07-25 15:38:08.419] [exthost] [info] ExtensionService#_doActivateExtension vscode.npm {"startup":false,"activationEvent":"onCommand:workbench.action.tasks.runTask"}
[2019-07-25 15:38:08.419] [exthost] [info] ExtensionService#loadCommonJSModule c:\Users\multicampus\.codemix\engine\resources\app\extensions\npm\dist\main
[2019-07-25 15:38:08.466] [exthost] [info] ExtensionService#_doActivateExtension vscode.typescript-language-features {"startup":false,"activationEvent":"onCommand:workbench.action.tasks.runTask"}
[2019-07-25 15:38:08.466] [exthost] [info] ExtensionService#loadCommonJSModule c:\Users\multicampus\.codemix\engine\resources\app\extensions\typescript-language-features\dist\extension
[2019-07-25 15:38:08.613] [exthost] [info] eager extensions activated
